<?xml version="1.0" encoding="UTF-8"?>
<robot generator="Robot 6.0.2 (Python 3.11.2 on win32)" generated="20230622 04:18:46.445" rpa="false" schemaversion="3">
<suite id="s1" name="sampleLogin" source="C:\Users\Samita\PycharmProjects\robotproject\Tests\sampleLogin.robot">
<test id="s1-t1" name="LoginTest" line="5">
<kw name="Open Browser" library="SeleniumLibrary">
<arg>https://the-internet.herokuapp.com/login</arg>
<arg>Chrome</arg>
<doc>Opens a new browser instance to the optional ``url``.</doc>
<msg timestamp="20230622 04:18:49.573" level="INFO">Opening browser 'Chrome' to base url 'https://the-internet.herokuapp.com/login'.</msg>
<msg timestamp="20230622 04:18:49.589" level="INFO">Applicable driver not found; attempting to install with Selenium Manager (Beta)</msg>
<status status="PASS" starttime="20230622 04:18:49.572" endtime="20230622 04:19:10.141"/>
</kw>
<kw name="Maximize Browser Window" library="SeleniumLibrary">
<doc>Maximizes current browser window.</doc>
<status status="PASS" starttime="20230622 04:19:10.142" endtime="20230622 04:19:10.390"/>
</kw>
<kw name="Page Should Contain" library="SeleniumLibrary">
<arg>Login Page*** Settings ***</arg>
<doc>Verifies that current page contains ``text``.</doc>
<msg timestamp="20230622 04:19:10.855" level="INFO" html="true">&lt;/td&gt;&lt;/tr&gt;&lt;tr&gt;&lt;td colspan="3"&gt;&lt;a href="selenium-screenshot-2.png"&gt;&lt;img src="selenium-screenshot-2.png" width="800px"&gt;&lt;/a&gt;</msg>
<msg timestamp="20230622 04:19:10.856" level="FAIL">Page should have contained text 'Login Page*** Settings ***' but did not.</msg>
<status status="FAIL" starttime="20230622 04:19:10.391" endtime="20230622 04:19:10.860"/>
</kw>
<doc>First robot selenium test case</doc>
<tag>Functional</tag>
<status status="FAIL" starttime="20230622 04:18:49.571" endtime="20230622 04:19:10.861">Page should have contained text 'Login Page*** Settings ***' but did not.</status>
</test>
<test id="s1-t2" name="Library" line="13">
<kw name="SeleniumLibrary">
<msg timestamp="20230622 04:19:10.871" level="FAIL">No keyword with name 'SeleniumLibrary' found.</msg>
<status status="FAIL" starttime="20230622 04:19:10.871" endtime="20230622 04:19:10.871"/>
</kw>
<status status="FAIL" starttime="20230622 04:19:10.863" endtime="20230622 04:19:10.872">No keyword with name 'SeleniumLibrary' found.</status>
</test>
<test id="s1-t3" name="LoginTest" line="16">
<kw name="Setup Testcase">
<kw name="Open Browser" library="SeleniumLibrary">
<arg>https://the-internet.herokuapp.com/login</arg>
<arg>Chrome</arg>
<doc>Opens a new browser instance to the optional ``url``.</doc>
<msg timestamp="20230622 04:19:10.878" level="INFO">Opening browser 'Chrome' to base url 'https://the-internet.herokuapp.com/login'.</msg>
<msg timestamp="20230622 04:19:10.895" level="INFO">Applicable driver not found; attempting to install with Selenium Manager (Beta)</msg>
<status status="PASS" starttime="20230622 04:19:10.876" endtime="20230622 04:19:20.605"/>
</kw>
<kw name="Maximize Browser Window" library="SeleniumLibrary">
<doc>Maximizes current browser window.</doc>
<status status="PASS" starttime="20230622 04:19:20.606" endtime="20230622 04:19:20.731"/>
</kw>
<kw name="Page Should Contain" library="SeleniumLibrary">
<arg>Login Page</arg>
<doc>Verifies that current page contains ``text``.</doc>
<msg timestamp="20230622 04:19:20.757" level="INFO">Current page contains text 'Login Page'.</msg>
<status status="PASS" starttime="20230622 04:19:20.732" endtime="20230622 04:19:20.757"/>
</kw>
<status status="PASS" starttime="20230622 04:19:10.875" endtime="20230622 04:19:20.757"/>
</kw>
<kw name="Perform Login">
<kw name="Input Text" library="SeleniumLibrary">
<arg>name:username</arg>
<arg>sample_user</arg>
<doc>Types the given ``text`` into the text field identified by ``locator``.</doc>
<msg timestamp="20230622 04:19:20.759" level="INFO">Typing text 'sample_user' into text field 'name:username'.</msg>
<status status="PASS" starttime="20230622 04:19:20.759" endtime="20230622 04:19:22.194"/>
</kw>
<kw name="Input Password" library="SeleniumLibrary">
<arg>name:password</arg>
<arg>sample_password</arg>
<doc>Types the given password into the text field identified by ``locator``.</doc>
<msg timestamp="20230622 04:19:22.195" level="INFO">Typing password into text field 'name:password'.</msg>
<msg timestamp="20230622 04:19:22.265" level="INFO">Temporally setting log level to: NONE</msg>
<msg timestamp="20230622 04:19:22.375" level="INFO">Log level changed from NONE to INFO.</msg>
<status status="PASS" starttime="20230622 04:19:22.194" endtime="20230622 04:19:22.376"/>
</kw>
<kw name="Sleep" library="BuiltIn">
<arg>5</arg>
<doc>Pauses the test executed for the given time.</doc>
<msg timestamp="20230622 04:19:27.378" level="INFO">Slept 5 seconds</msg>
<status status="PASS" starttime="20230622 04:19:22.376" endtime="20230622 04:19:27.379"/>
</kw>
<status status="PASS" starttime="20230622 04:19:20.758" endtime="20230622 04:19:27.379"/>
</kw>
<kw name="Teardown Testcase">
<kw name="Close Browser" library="SeleniumLibrary">
<doc>Closes the current browser.</doc>
<status status="PASS" starttime="20230622 04:19:27.382" endtime="20230622 04:19:29.878"/>
</kw>
<status status="PASS" starttime="20230622 04:19:27.381" endtime="20230622 04:19:29.878"/>
</kw>
<doc>First robot selenium test case</doc>
<tag>Functional</tag>
<status status="PASS" starttime="20230622 04:19:10.874" endtime="20230622 04:19:29.879"/>
</test>
<status status="FAIL" starttime="20230622 04:18:46.450" endtime="20230622 04:19:29.882"/>
</suite>
<statistics>
<total>
<stat pass="1" fail="2" skip="0">All Tests</stat>
</total>
<tag>
<stat pass="1" fail="1" skip="0">Functional</stat>
</tag>
<suite>
<stat pass="1" fail="2" skip="0" id="s1" name="sampleLogin">sampleLogin</stat>
</suite>
</statistics>
<errors>
<msg timestamp="20230622 04:19:10.874" level="WARN">Multiple tests with name 'LoginTest' executed in suite 'sampleLogin'.</msg>
</errors>
</robot>
